<?xml version="1.0" encoding="UTF-8"?>
<!-- Generated by org.testng.reporters.JUnitXMLReporter -->
<testsuite hostname="DESKTOP-KA64HP5" ignored="0" name="Regression" tests="16" failures="1" timestamp="2022-05-07T20:53:50 EET" time="296.95" errors="0">
  <testcase name="runScenario" time="21.43" classname="io.cucumber.testng.AbstractTestNGCucumberTests"/>
  <testcase name="runScenario" time="15.54" classname="io.cucumber.testng.AbstractTestNGCucumberTests"/>
  <testcase name="runScenario" time="15.579" classname="io.cucumber.testng.AbstractTestNGCucumberTests"/>
  <testcase name="runScenario" time="18.831" classname="io.cucumber.testng.AbstractTestNGCucumberTests"/>
  <testcase name="runScenario" time="16.28" classname="io.cucumber.testng.AbstractTestNGCucumberTests"/>
  <testcase name="runScenario" time="16.354" classname="io.cucumber.testng.AbstractTestNGCucumberTests"/>
  <testcase name="runScenario" time="16.691" classname="io.cucumber.testng.AbstractTestNGCucumberTests"/>
  <testcase name="runScenario" time="18.667" classname="io.cucumber.testng.AbstractTestNGCucumberTests"/>
  <testcase name="runScenario" time="16.145" classname="io.cucumber.testng.AbstractTestNGCucumberTests"/>
  <testcase name="runScenario" time="15.525" classname="io.cucumber.testng.AbstractTestNGCucumberTests"/>
  <testcase name="runScenario" time="20.621" classname="io.cucumber.testng.AbstractTestNGCucumberTests"/>
  <testcase name="runScenario" time="21.952" classname="io.cucumber.testng.AbstractTestNGCucumberTests"/>
  <testcase name="runScenario" time="24.075" classname="io.cucumber.testng.AbstractTestNGCucumberTests"/>
  <testcase name="runScenario" time="20.403" classname="io.cucumber.testng.AbstractTestNGCucumberTests"/>
  <testcase name="runScenario" time="20.467" classname="io.cucumber.testng.AbstractTestNGCucumberTests"/>
  <testcase name="runScenario" time="13.801" classname="io.cucumber.testng.AbstractTestNGCucumberTests">
    <failure type="io.cucumber.testng.UndefinedStepException" message="The step &amp;apos;user navigate to computers and select desktops&amp;apos; and 5 other step(s) are undefined.
You can implement these steps using the snippet(s) below:

@When(&amp;quot;user navigate to computers and select desktops&amp;quot;)
public void user_navigate_to_computers_and_select_desktops() {
    // Write code here that turns the phrase above into concrete actions
    throw new io.cucumber.java.PendingException();
}
@When(&amp;quot;user add the simple computer with slow processor to the shopping cart&amp;quot;)
public void user_add_the_simple_computer_with_slow_processor_to_the_shopping_cart() {
    // Write code here that turns the phrase above into concrete actions
    throw new io.cucumber.java.PendingException();
}
@When(&amp;quot;user navigate to shopping cart and check it out&amp;quot;)
public void user_navigate_to_shopping_cart_and_check_it_out() {
    // Write code here that turns the phrase above into concrete actions
    throw new io.cucumber.java.PendingException();
}
@When(&amp;quot;add the address and continue&amp;quot;)
public void add_the_address_and_continue(io.cucumber.datatable.DataTable dataTable) {
    // Write code here that turns the phrase above into concrete actions
    // For automatic transformation, change DataTable to one of
    // E, List&amp;lt;E&amp;gt;, List&amp;lt;List&amp;lt;E&amp;gt;&amp;gt;, List&amp;lt;Map&amp;lt;K,V&amp;gt;&amp;gt;, Map&amp;lt;K,V&amp;gt; or
    // Map&amp;lt;K, List&amp;lt;V&amp;gt;&amp;gt;. E,K,V must be a String, Integer, Float,
    // Double, Byte, Short, Long, BigInteger or BigDecimal.
    //
    // For other transformations you can register a DataTableType.
    throw new io.cucumber.java.PendingException();
}
@When(&amp;quot;continue to payment method and enter the payment information:&amp;quot;)
public void continue_to_payment_method_and_enter_the_payment_information(io.cucumber.datatable.DataTable dataTable) {
    // Write code here that turns the phrase above into concrete actions
    // For automatic transformation, change DataTable to one of
    // E, List&amp;lt;E&amp;gt;, List&amp;lt;List&amp;lt;E&amp;gt;&amp;gt;, List&amp;lt;Map&amp;lt;K,V&amp;gt;&amp;gt;, Map&amp;lt;K,V&amp;gt; or
    // Map&amp;lt;K, List&amp;lt;V&amp;gt;&amp;gt;. E,K,V must be a String, Integer, Float,
    // Double, Byte, Short, Long, BigInteger or BigDecimal.
    //
    // For other transformations you can register a DataTableType.
    throw new io.cucumber.java.PendingException();
}
@Then(&amp;quot;user could see confirmation message: {string}&amp;quot;)
public void user_could_see_confirmation_message(String string) {
    // Write code here that turns the phrase above into concrete actions
    throw new io.cucumber.java.PendingException();
}
">
      <![CDATA[io.cucumber.testng.UndefinedStepException: The step 'user navigate to computers and select desktops' and 5 other step(s) are undefined.
You can implement these steps using the snippet(s) below:

@When("user navigate to computers and select desktops")
public void user_navigate_to_computers_and_select_desktops() {
    // Write code here that turns the phrase above into concrete actions
    throw new io.cucumber.java.PendingException();
}
@When("user add the simple computer with slow processor to the shopping cart")
public void user_add_the_simple_computer_with_slow_processor_to_the_shopping_cart() {
    // Write code here that turns the phrase above into concrete actions
    throw new io.cucumber.java.PendingException();
}
@When("user navigate to shopping cart and check it out")
public void user_navigate_to_shopping_cart_and_check_it_out() {
    // Write code here that turns the phrase above into concrete actions
    throw new io.cucumber.java.PendingException();
}
@When("add the address and continue")
public void add_the_address_and_continue(io.cucumber.datatable.DataTable dataTable) {
    // Write code here that turns the phrase above into concrete actions
    // For automatic transformation, change DataTable to one of
    // E, List<E>, List<List<E>>, List<Map<K,V>>, Map<K,V> or
    // Map<K, List<V>>. E,K,V must be a String, Integer, Float,
    // Double, Byte, Short, Long, BigInteger or BigDecimal.
    //
    // For other transformations you can register a DataTableType.
    throw new io.cucumber.java.PendingException();
}
@When("continue to payment method and enter the payment information:")
public void continue_to_payment_method_and_enter_the_payment_information(io.cucumber.datatable.DataTable dataTable) {
    // Write code here that turns the phrase above into concrete actions
    // For automatic transformation, change DataTable to one of
    // E, List<E>, List<List<E>>, List<Map<K,V>>, Map<K,V> or
    // Map<K, List<V>>. E,K,V must be a String, Integer, Float,
    // Double, Byte, Short, Long, BigInteger or BigDecimal.
    //
    // For other transformations you can register a DataTableType.
    throw new io.cucumber.java.PendingException();
}
@Then("user could see confirmation message: {string}")
public void user_could_see_confirmation_message(String string) {
    // Write code here that turns the phrase above into concrete actions
    throw new io.cucumber.java.PendingException();
}

at io.cucumber.core.runtime.TestCaseResultObserver.assertTestCasePassed(TestCaseResultObserver.java:69)
at io.cucumber.testng.TestCaseResultObserver.assertTestCasePassed(TestCaseResultObserver.java:23)
at io.cucumber.testng.TestNGCucumberRunner.lambda$runScenario$1(TestNGCucumberRunner.java:133)
at io.cucumber.core.runtime.CucumberExecutionContext.lambda$runTestCase$3(CucumberExecutionContext.java:146)
at io.cucumber.core.runtime.RethrowingThrowableCollector.executeAndThrow(RethrowingThrowableCollector.java:23)
at io.cucumber.core.runtime.CucumberExecutionContext.runTestCase(CucumberExecutionContext.java:146)
at io.cucumber.testng.TestNGCucumberRunner.runScenario(TestNGCucumberRunner.java:129)
at io.cucumber.testng.AbstractTestNGCucumberTests.runScenario(AbstractTestNGCucumberTests.java:35)
at java.util.ArrayList.forEach(ArrayList.java:1259)
... Removed 31 stack frames]]>
    </failure>
  </testcase> <!-- runScenario -->
</testsuite> <!-- Regression -->
