<html>
<head>
<title>TestNG:  Regression</title>
<link href="../testng.css" rel="stylesheet" type="text/css" />
<link href="../my-testng.css" rel="stylesheet" type="text/css" />

<style type="text/css">
.log { display: none;} 
.stack-trace { display: none;} 
</style>
<script type="text/javascript">
<!--
function flip(e) {
  current = e.style.display;
  if (current == 'block') {
    e.style.display = 'none';
    return 0;
  }
  else {
    e.style.display = 'block';
    return 1;
  }
}

function toggleBox(szDivId, elem, msg1, msg2)
{
  var res = -1;  if (document.getElementById) {
    res = flip(document.getElementById(szDivId));
  }
  else if (document.all) {
    // this is the way old msie versions work
    res = flip(document.all[szDivId]);
  }
  if(elem) {
    if(res == 0) elem.innerHTML = msg1; else elem.innerHTML = msg2;
  }

}

function toggleAllBoxes() {
  if (document.getElementsByTagName) {
    d = document.getElementsByTagName('div');
    for (i = 0; i < d.length; i++) {
      if (d[i].className == 'log') {
        flip(d[i]);
      }
    }
  }
}

// -->
</script>

</head>
<body>
<h2 align='center'>Regression</h2><table border='1' align="center">
<tr>
<td>Tests passed/Failed/Skipped:</td><td>15/1/0</td>
</tr><tr>
<td>Started on:</td><td>Sat May 07 20:48:53 EET 2022</td>
</tr>
<tr><td>Total time:</td><td>296 seconds (296950 ms)</td>
</tr><tr>
<td>Included groups:</td><td></td>
</tr><tr>
<td>Excluded groups:</td><td></td>
</tr>
</table><p/>
<small><i>(Hover the method name to see the test class name)</i></small><p/>
<table width='100%' border='1' class='invocation-failed'>
<tr><td colspan='4' align='center'><b>FAILED TESTS</b></td></tr>
<tr><td><b>Test method</b></td>
<td width="30%"><b>Exception</b></td>
<td width="10%"><b>Time (seconds)</b></td>
<td><b>Instance</b></td>
</tr>
<tr>
<td title='runner.RunnerTestNG.runScenario()'><b>runScenario</b><br>Test class: runner.RunnerTestNG<br>Test method: Runs Cucumber Scenarios<br>Parameters: "End to end scenario: User could order a simple computer and check it out", "Optional[E2E Order checkout]"</td>
<td><div><pre>io.cucumber.testng.UndefinedStepException: The step &apos;user navigate to computers and select desktops&apos; and 5 other step(s) are undefined.
You can implement these steps using the snippet(s) below:

@When(&quot;user navigate to computers and select desktops&quot;)
public void user_navigate_to_computers_and_select_desktops() {
    // Write code here that turns the phrase above into concrete actions
    throw new io.cucumber.java.PendingException();
}
@When(&quot;user add the simple computer with slow processor to the shopping cart&quot;)
public void user_add_the_simple_computer_with_slow_processor_to_the_shopping_cart() {
    // Write code here that turns the phrase above into concrete actions
    throw new io.cucumber.java.PendingException();
}
@When(&quot;user navigate to shopping cart and check it out&quot;)
public void user_navigate_to_shopping_cart_and_check_it_out() {
    // Write code here that turns the phrase above into concrete actions
    throw new io.cucumber.java.PendingException();
}
@When(&quot;add the address and continue&quot;)
public void add_the_address_and_continue(io.cucumber.datatable.DataTable dataTable) {
    // Write code here that turns the phrase above into concrete actions
    // For automatic transformation, change DataTable to one of
    // E, List&lt;E&gt;, List&lt;List&lt;E&gt;&gt;, List&lt;Map&lt;K,V&gt;&gt;, Map&lt;K,V&gt; or
    // Map&lt;K, List&lt;V&gt;&gt;. E,K,V must be a String, Integer, Float,
    // Double, Byte, Short, Long, BigInteger or BigDecimal.
    //
    // For other transformations you can register a DataTableType.
    throw new io.cucumber.java.PendingException();
}
@When(&quot;continue to payment method and enter the payment information:&quot;)
public void continue_to_payment_method_and_enter_the_payment_information(io.cucumber.datatable.DataTable dataTable) {
    // Write code here that turns the phrase above into concrete actions
    // For automatic transformation, change DataTable to one of
    // E, List&lt;E&gt;, List&lt;List&lt;E&gt;&gt;, List&lt;Map&lt;K,V&gt;&gt;, Map&lt;K,V&gt; or
    // Map&lt;K, List&lt;V&gt;&gt;. E,K,V must be a String, Integer, Float,
    // Double, Byte, Short, Long, BigInteger or BigDecimal.
    //
    // For other transformations you can register a DataTableType.
    throw new io.cucumber.java.PendingException();
}
@Then(&quot;user could see confirmation message: {string}&quot;)
public void user_could_see_confirmation_message(String string) {
    // Write code here that turns the phrase above into concrete actions
    throw new io.cucumber.java.PendingException();
}

	at io.cucumber.core.runtime.TestCaseResultObserver.assertTestCasePassed(TestCaseResultObserver.java:69)
	at io.cucumber.testng.TestCaseResultObserver.assertTestCasePassed(TestCaseResultObserver.java:23)
	at io.cucumber.testng.TestNGCucumberRunner.lambda$runScenario$1(TestNGCucumberRunner.java:133)
	at io.cucumber.core.runtime.CucumberExecutionContext.lambda$runTestCase$3(CucumberExecutionContext.java:146)
	at io.cucumber.core.runtime.RethrowingThrowableCollector.executeAndThrow(RethrowingThrowableCollector.java:23)
	at io.cucumber.core.runtime.CucumberExecutionContext.runTestCase(CucumberExecutionContext.java:146)
	at io.cucumber.testng.TestNGCucumberRunner.runScenario(TestNGCucumberRunner.java:129)
	at io.cucumber.testng.AbstractTestNGCucumberTests.runScenario(AbstractTestNGCucumberTests.java:35)
	at java.util.ArrayList.forEach(ArrayList.java:1259)
... Removed 31 stack frames</pre></div><a href='#' onClick='toggleBox("stack-trace2048777201", this, "Click to show all stack frames", "Click to hide stack frames")'>Click to show all stack frames</a>
<div class='stack-trace' id='stack-trace2048777201'><pre>io.cucumber.testng.UndefinedStepException: The step &apos;user navigate to computers and select desktops&apos; and 5 other step(s) are undefined.
You can implement these steps using the snippet(s) below:

@When(&quot;user navigate to computers and select desktops&quot;)
public void user_navigate_to_computers_and_select_desktops() {
    // Write code here that turns the phrase above into concrete actions
    throw new io.cucumber.java.PendingException();
}
@When(&quot;user add the simple computer with slow processor to the shopping cart&quot;)
public void user_add_the_simple_computer_with_slow_processor_to_the_shopping_cart() {
    // Write code here that turns the phrase above into concrete actions
    throw new io.cucumber.java.PendingException();
}
@When(&quot;user navigate to shopping cart and check it out&quot;)
public void user_navigate_to_shopping_cart_and_check_it_out() {
    // Write code here that turns the phrase above into concrete actions
    throw new io.cucumber.java.PendingException();
}
@When(&quot;add the address and continue&quot;)
public void add_the_address_and_continue(io.cucumber.datatable.DataTable dataTable) {
    // Write code here that turns the phrase above into concrete actions
    // For automatic transformation, change DataTable to one of
    // E, List&lt;E&gt;, List&lt;List&lt;E&gt;&gt;, List&lt;Map&lt;K,V&gt;&gt;, Map&lt;K,V&gt; or
    // Map&lt;K, List&lt;V&gt;&gt;. E,K,V must be a String, Integer, Float,
    // Double, Byte, Short, Long, BigInteger or BigDecimal.
    //
    // For other transformations you can register a DataTableType.
    throw new io.cucumber.java.PendingException();
}
@When(&quot;continue to payment method and enter the payment information:&quot;)
public void continue_to_payment_method_and_enter_the_payment_information(io.cucumber.datatable.DataTable dataTable) {
    // Write code here that turns the phrase above into concrete actions
    // For automatic transformation, change DataTable to one of
    // E, List&lt;E&gt;, List&lt;List&lt;E&gt;&gt;, List&lt;Map&lt;K,V&gt;&gt;, Map&lt;K,V&gt; or
    // Map&lt;K, List&lt;V&gt;&gt;. E,K,V must be a String, Integer, Float,
    // Double, Byte, Short, Long, BigInteger or BigDecimal.
    //
    // For other transformations you can register a DataTableType.
    throw new io.cucumber.java.PendingException();
}
@Then(&quot;user could see confirmation message: {string}&quot;)
public void user_could_see_confirmation_message(String string) {
    // Write code here that turns the phrase above into concrete actions
    throw new io.cucumber.java.PendingException();
}

	at io.cucumber.core.runtime.TestCaseResultObserver.assertTestCasePassed(TestCaseResultObserver.java:69)
	at io.cucumber.testng.TestCaseResultObserver.assertTestCasePassed(TestCaseResultObserver.java:23)
	at io.cucumber.testng.TestNGCucumberRunner.lambda$runScenario$1(TestNGCucumberRunner.java:133)
	at io.cucumber.core.runtime.CucumberExecutionContext.lambda$runTestCase$3(CucumberExecutionContext.java:146)
	at io.cucumber.core.runtime.RethrowingThrowableCollector.executeAndThrow(RethrowingThrowableCollector.java:23)
	at io.cucumber.core.runtime.CucumberExecutionContext.runTestCase(CucumberExecutionContext.java:146)
	at io.cucumber.testng.TestNGCucumberRunner.runScenario(TestNGCucumberRunner.java:129)
	at io.cucumber.testng.AbstractTestNGCucumberTests.runScenario(AbstractTestNGCucumberTests.java:35)
	at sun.reflect.NativeMethodAccessorImpl.invoke0(Native Method)
	at sun.reflect.NativeMethodAccessorImpl.invoke(NativeMethodAccessorImpl.java:62)
	at sun.reflect.DelegatingMethodAccessorImpl.invoke(DelegatingMethodAccessorImpl.java:43)
	at java.lang.reflect.Method.invoke(Method.java:498)
	at org.testng.internal.MethodInvocationHelper.invokeMethod(MethodInvocationHelper.java:133)
	at org.testng.internal.TestInvoker.invokeMethod(TestInvoker.java:598)
	at org.testng.internal.TestInvoker.invokeTestMethod(TestInvoker.java:173)
	at org.testng.internal.MethodRunner.runInSequence(MethodRunner.java:46)
	at org.testng.internal.TestInvoker$MethodInvocationAgent.invoke(TestInvoker.java:824)
	at org.testng.internal.TestInvoker.invokeTestMethods(TestInvoker.java:146)
	at org.testng.internal.TestMethodWorker.invokeTestMethods(TestMethodWorker.java:146)
	at org.testng.internal.TestMethodWorker.run(TestMethodWorker.java:128)
	at java.util.ArrayList.forEach(ArrayList.java:1259)
	at org.testng.TestRunner.privateRun(TestRunner.java:794)
	at org.testng.TestRunner.run(TestRunner.java:596)
	at org.testng.SuiteRunner.runTest(SuiteRunner.java:377)
	at org.testng.SuiteRunner.runSequentially(SuiteRunner.java:371)
	at org.testng.SuiteRunner.privateRun(SuiteRunner.java:332)
	at org.testng.SuiteRunner.run(SuiteRunner.java:276)
	at org.testng.SuiteRunnerWorker.runSuite(SuiteRunnerWorker.java:53)
	at org.testng.SuiteRunnerWorker.run(SuiteRunnerWorker.java:96)
	at org.testng.TestNG.runSuitesSequentially(TestNG.java:1212)
	at org.testng.TestNG.runSuitesLocally(TestNG.java:1134)
	at org.testng.TestNG.runSuites(TestNG.java:1063)
	at org.testng.TestNG.run(TestNG.java:1031)
	at org.apache.maven.surefire.testng.TestNGExecutor.run(TestNGExecutor.java:284)
	at org.apache.maven.surefire.testng.TestNGXmlTestSuite.execute(TestNGXmlTestSuite.java:75)
	at org.apache.maven.surefire.testng.TestNGProvider.invoke(TestNGProvider.java:119)
	at org.apache.maven.surefire.booter.ForkedBooter.runSuitesInProcess(ForkedBooter.java:428)
	at org.apache.maven.surefire.booter.ForkedBooter.execute(ForkedBooter.java:162)
	at org.apache.maven.surefire.booter.ForkedBooter.run(ForkedBooter.java:562)
	at org.apache.maven.surefire.booter.ForkedBooter.main(ForkedBooter.java:548)
</pre></div></td>
<td>13</td>
<td>runner.RunnerTestNG@13c27452</td></tr>
</table><p>
<table width='100%' border='1' class='invocation-passed'>
<tr><td colspan='4' align='center'><b>PASSED TESTS</b></td></tr>
<tr><td><b>Test method</b></td>
<td width="30%"><b>Exception</b></td>
<td width="10%"><b>Time (seconds)</b></td>
<td><b>Instance</b></td>
</tr>
<tr>
<td title='runner.RunnerTestNG.runScenario()'><b>runScenario</b><br>Test class: runner.RunnerTestNG<br>Test method: Runs Cucumber Scenarios<br>Parameters: "verify that error message will appear that city must be filled out", "Optional[verification that user could not proceed checking out without filling the mandatory data in the billing address]"</td>
<td></td>
<td>21</td>
<td>runner.RunnerTestNG@13c27452</td></tr>
<tr>
<td title='runner.RunnerTestNG.runScenario()'><b>runScenario</b><br>Test class: runner.RunnerTestNG<br>Test method: Runs Cucumber Scenarios<br>Parameters: "verify that user could not check out a product with out agreeing to the terms of service", "Optional[verify that “Terms of service” is mandator]"</td>
<td></td>
<td>15</td>
<td>runner.RunnerTestNG@13c27452</td></tr>
<tr>
<td title='runner.RunnerTestNG.runScenario()'><b>runScenario</b><br>Test class: runner.RunnerTestNG<br>Test method: Runs Cucumber Scenarios<br>Parameters: "Registering 3 new customers with valid email", "Optional[Registering customers]"</td>
<td></td>
<td>15</td>
<td>runner.RunnerTestNG@13c27452</td></tr>
<tr>
<td title='runner.RunnerTestNG.runScenario()'><b>runScenario</b><br>Test class: runner.RunnerTestNG<br>Test method: Runs Cucumber Scenarios<br>Parameters: "verify that error message will appear that street addres is required", "Optional[verification that user could not proceed checking out without filling the mandatory data in the billing address]"</td>
<td></td>
<td>24</td>
<td>runner.RunnerTestNG@13c27452</td></tr>
<tr>
<td title='runner.RunnerTestNG.runScenario()'><b>runScenario</b><br>Test class: runner.RunnerTestNG<br>Test method: Runs Cucumber Scenarios<br>Parameters: "user try to log in with a valid email and invalid password", "Optional[testing logging in feature]"</td>
<td></td>
<td>16</td>
<td>runner.RunnerTestNG@13c27452</td></tr>
<tr>
<td title='runner.RunnerTestNG.runScenario()'><b>runScenario</b><br>Test class: runner.RunnerTestNG<br>Test method: Runs Cucumber Scenarios<br>Parameters: "user try to log in with an invalid username", "Optional[testing logging in feature]"</td>
<td></td>
<td>16</td>
<td>runner.RunnerTestNG@13c27452</td></tr>
<tr>
<td title='runner.RunnerTestNG.runScenario()'><b>runScenario</b><br>Test class: runner.RunnerTestNG<br>Test method: Runs Cucumber Scenarios<br>Parameters: "After logging in user could add product to cart", "Optional[Adding new product to cart]"</td>
<td></td>
<td>18</td>
<td>runner.RunnerTestNG@13c27452</td></tr>
<tr>
<td title='runner.RunnerTestNG.runScenario()'><b>runScenario</b><br>Test class: runner.RunnerTestNG<br>Test method: Runs Cucumber Scenarios<br>Parameters: "verify that error message will appear that phone is required", "Optional[verification that user could not proceed checking out without filling the mandatory data in the billing address]"</td>
<td></td>
<td>20</td>
<td>runner.RunnerTestNG@13c27452</td></tr>
<tr>
<td title='runner.RunnerTestNG.runScenario()'><b>runScenario</b><br>Test class: runner.RunnerTestNG<br>Test method: Runs Cucumber Scenarios<br>Parameters: "an already registered user try to register with same data", "Optional[Registering customers]"</td>
<td></td>
<td>18</td>
<td>runner.RunnerTestNG@13c27452</td></tr>
<tr>
<td title='runner.RunnerTestNG.runScenario()'><b>runScenario</b><br>Test class: runner.RunnerTestNG<br>Test method: Runs Cucumber Scenarios<br>Parameters: "user could add discount code "AutomationDiscount2" that gives 20% discount", "Optional[Adding discount code]"</td>
<td></td>
<td>16</td>
<td>runner.RunnerTestNG@13c27452</td></tr>
<tr>
<td title='runner.RunnerTestNG.runScenario()'><b>runScenario</b><br>Test class: runner.RunnerTestNG<br>Test method: Runs Cucumber Scenarios<br>Parameters: "user could sign in with valid data", "Optional[testing logging in feature]"</td>
<td></td>
<td>16</td>
<td>runner.RunnerTestNG@13c27452</td></tr>
<tr>
<td title='runner.RunnerTestNG.runScenario()'><b>runScenario</b><br>Test class: runner.RunnerTestNG<br>Test method: Runs Cucumber Scenarios<br>Parameters: "Registering 3 new customers with valid email", "Optional[Registering customers]"</td>
<td></td>
<td>15</td>
<td>runner.RunnerTestNG@13c27452</td></tr>
<tr>
<td title='runner.RunnerTestNG.runScenario()'><b>runScenario</b><br>Test class: runner.RunnerTestNG<br>Test method: Runs Cucumber Scenarios<br>Parameters: "verify that error message will appear that country must be selected to proceed", "Optional[verification that user could not proceed checking out without filling the mandatory data in the billing address]"</td>
<td></td>
<td>20</td>
<td>runner.RunnerTestNG@13c27452</td></tr>
<tr>
<td title='runner.RunnerTestNG.runScenario()'><b>runScenario</b><br>Test class: runner.RunnerTestNG<br>Test method: Runs Cucumber Scenarios<br>Parameters: "verify that error message will appear that postal code is required", "Optional[verification that user could not proceed checking out without filling the mandatory data in the billing address]"</td>
<td></td>
<td>20</td>
<td>runner.RunnerTestNG@13c27452</td></tr>
<tr>
<td title='runner.RunnerTestNG.runScenario()'><b>runScenario</b><br>Test class: runner.RunnerTestNG<br>Test method: Runs Cucumber Scenarios<br>Parameters: "Registering 3 new customers with valid email", "Optional[Registering customers]"</td>
<td></td>
<td>21</td>
<td>runner.RunnerTestNG@13c27452</td></tr>
</table><p>
</body>
</html>