<?xml version="1.0" encoding="UTF-8"?>
<testsuite xmlns:xsi="http://www.w3.org/2001/XMLSchema-instance" xsi:noNamespaceSchemaLocation="https://maven.apache.org/surefire/maven-surefire-plugin/xsd/surefire-test-report-3.0.xsd" version="3.0" name="TestSuite" time="299.266" tests="16" errors="0" skipped="0" failures="1">
  <properties>
[...]
</properties>
  <testcase name="runScenario[&quot;Registering 3 new customers with valid email&quot;, &quot;Optional[Registering customers]&quot;](1)" classname="runner.RunnerTestNG" time="21.778">
    <system-out><![CDATA[[TestNGContentHandler] [WARN] It is strongly recommended to add "<!DOCTYPE suite SYSTEM "https://testng.org/testng-1.0.dtd" >" at the top of the suite file [D:\Self-Improvement\Projects\Testing Automation\DemoWebShopCucumberBDD\testng.xml] otherwise TestNG may fail or not work as expected.

@Smoke
Scenario Outline: Registering 3 new customers with valid email &amp#27;[90m# src/test/java/features/F01_Registering.feature:19&amp#27;[0m
  &amp#27;[32mGiven &amp#27;[0m&amp#27;[32muser at home page and clicks on register&amp#27;[0m               &amp#27;[90m# stepDifinitions.Register.user_at_home_page_and_clicks_on_register()&amp#27;[0m
  &amp#27;[32mWhen &amp#27;[0m&amp#27;[32muser enters &amp#27;[0m&amp#27;[32m&amp#27;[1mMof&amp#27;[0m&amp#27;[32m, &amp#27;[0m&amp#27;[32m&amp#27;[1mZak&amp#27;[0m&amp#27;[32m, &amp#27;[0m&amp#27;[32m&amp#27;[1m222@test.com&amp#27;[0m&amp#27;[32m and &amp#27;[0m&amp#27;[32m&amp#27;[1m12341234&amp#27;[0m         &amp#27;[90m# stepDifinitions.Register.user_enters_and(java.lang.String,java.lang.String,java.lang.String,java.lang.String)&amp#27;[0m
  &amp#27;[32mThen &amp#27;[0m&amp#27;[32mUser could register successfully&amp#27;[0m                        &amp#27;[90m# stepDifinitions.Register.user_could_register_successfully_and_confirmation_message_should_appear()&amp#27;[0m
  &amp#27;[32mAnd &amp#27;[0m&amp#27;[32mconfirmation message should appear&amp#27;[0m                       &amp#27;[90m# stepDifinitions.Register.confirmation_messaage_should_appear()&amp#27;[0m
]]></system-out>
    <system-err><![CDATA[SLF4J: Failed to load class "org.slf4j.impl.StaticLoggerBinder".
SLF4J: Defaulting to no-operation (NOP) logger implementation
SLF4J: See http://www.slf4j.org/codes.html#StaticLoggerBinder for further details.
Starting MSEdgeDriver 101.0.1210.39 (ae7c307992c2283b6f7b9b567bba94b2590a8e60) on port 50771
Only local connections are allowed.
Please see https://chromedriver.chromium.org/security-considerations for suggestions on keeping MSEdgeDriver safe.
MSEdgeDriver was started successfully.
May 07, 2022 8:49:06 PM org.openqa.selenium.remote.ProtocolHandshake createSession
INFO: Detected dialect: W3C
May 07, 2022 8:49:07 PM org.openqa.selenium.devtools.CdpVersionFinder findNearestMatch
WARNING: Unable to find an exact match for CDP version 101, so returning the closest version found: a no-op implementation
May 07, 2022 8:49:07 PM org.openqa.selenium.devtools.CdpVersionFinder findNearestMatch
INFO: Unable to find CDP implementation matching 101.
May 07, 2022 8:49:07 PM org.openqa.selenium.chromium.ChromiumDriver lambda$new$3
WARNING: Unable to find version of CDP to use for . You may need to include a dependency on a specific version of the CDP using something similar to `org.seleniumhq.selenium:selenium-devtools-v86:4.1.1` where the version ("v86") matches the version of the chromium-based browser you're using and the version number of the artifact is the same as Selenium's.
]]></system-err>
  </testcase>
  <testcase name="runScenario[&quot;Registering 3 new customers with valid email&quot;, &quot;Optional[Registering customers]&quot;](2)" classname="runner.RunnerTestNG" time="15.406">
    <system-out><![CDATA[
@Smoke
Scenario Outline: Registering 3 new customers with valid email &amp#27;[90m# src/test/java/features/F01_Registering.feature:20&amp#27;[0m
  &amp#27;[32mGiven &amp#27;[0m&amp#27;[32muser at home page and clicks on register&amp#27;[0m               &amp#27;[90m# stepDifinitions.Register.user_at_home_page_and_clicks_on_register()&amp#27;[0m
  &amp#27;[32mWhen &amp#27;[0m&amp#27;[32muser enters &amp#27;[0m&amp#27;[32m&amp#27;[1mMof&amp#27;[0m&amp#27;[32m, &amp#27;[0m&amp#27;[32m&amp#27;[1mZak&amp#27;[0m&amp#27;[32m, &amp#27;[0m&amp#27;[32m&amp#27;[1m333@test.com&amp#27;[0m&amp#27;[32m and &amp#27;[0m&amp#27;[32m&amp#27;[1m12341234&amp#27;[0m         &amp#27;[90m# stepDifinitions.Register.user_enters_and(java.lang.String,java.lang.String,java.lang.String,java.lang.String)&amp#27;[0m
  &amp#27;[32mThen &amp#27;[0m&amp#27;[32mUser could register successfully&amp#27;[0m                        &amp#27;[90m# stepDifinitions.Register.user_could_register_successfully_and_confirmation_message_should_appear()&amp#27;[0m
  &amp#27;[32mAnd &amp#27;[0m&amp#27;[32mconfirmation message should appear&amp#27;[0m                       &amp#27;[90m# stepDifinitions.Register.confirmation_messaage_should_appear()&amp#27;[0m
]]></system-out>
    <system-err><![CDATA[Starting MSEdgeDriver 101.0.1210.39 (ae7c307992c2283b6f7b9b567bba94b2590a8e60) on port 61244
Only local connections are allowed.
Please see https://chromedriver.chromium.org/security-considerations for suggestions on keeping MSEdgeDriver safe.
MSEdgeDriver was started successfully.
May 07, 2022 8:49:21 PM org.openqa.selenium.remote.ProtocolHandshake createSession
INFO: Detected dialect: W3C
May 07, 2022 8:49:22 PM org.openqa.selenium.devtools.CdpVersionFinder findNearestMatch
WARNING: Unable to find an exact match for CDP version 101, so returning the closest version found: a no-op implementation
May 07, 2022 8:49:22 PM org.openqa.selenium.devtools.CdpVersionFinder findNearestMatch
INFO: Unable to find CDP implementation matching 101.
May 07, 2022 8:49:22 PM org.openqa.selenium.chromium.ChromiumDriver lambda$new$3
WARNING: Unable to find version of CDP to use for . You may need to include a dependency on a specific version of the CDP using something similar to `org.seleniumhq.selenium:selenium-devtools-v86:4.1.1` where the version ("v86") matches the version of the chromium-based browser you're using and the version number of the artifact is the same as Selenium's.
]]></system-err>
  </testcase>
  <testcase name="runScenario[&quot;Registering 3 new customers with valid email&quot;, &quot;Optional[Registering customers]&quot;](3)" classname="runner.RunnerTestNG" time="15.506">
    <system-out><![CDATA[
@Smoke
Scenario Outline: Registering 3 new customers with valid email &amp#27;[90m# src/test/java/features/F01_Registering.feature:21&amp#27;[0m
  &amp#27;[32mGiven &amp#27;[0m&amp#27;[32muser at home page and clicks on register&amp#27;[0m               &amp#27;[90m# stepDifinitions.Register.user_at_home_page_and_clicks_on_register()&amp#27;[0m
  &amp#27;[32mWhen &amp#27;[0m&amp#27;[32muser enters &amp#27;[0m&amp#27;[32m&amp#27;[1mMof&amp#27;[0m&amp#27;[32m, &amp#27;[0m&amp#27;[32m&amp#27;[1mZak&amp#27;[0m&amp#27;[32m, &amp#27;[0m&amp#27;[32m&amp#27;[1m444@test.com&amp#27;[0m&amp#27;[32m and &amp#27;[0m&amp#27;[32m&amp#27;[1m12341234&amp#27;[0m         &amp#27;[90m# stepDifinitions.Register.user_enters_and(java.lang.String,java.lang.String,java.lang.String,java.lang.String)&amp#27;[0m
  &amp#27;[32mThen &amp#27;[0m&amp#27;[32mUser could register successfully&amp#27;[0m                        &amp#27;[90m# stepDifinitions.Register.user_could_register_successfully_and_confirmation_message_should_appear()&amp#27;[0m
  &amp#27;[32mAnd &amp#27;[0m&amp#27;[32mconfirmation message should appear&amp#27;[0m                       &amp#27;[90m# stepDifinitions.Register.confirmation_messaage_should_appear()&amp#27;[0m
]]></system-out>
    <system-err><![CDATA[Starting MSEdgeDriver 101.0.1210.39 (ae7c307992c2283b6f7b9b567bba94b2590a8e60) on port 51191
Only local connections are allowed.
Please see https://chromedriver.chromium.org/security-considerations for suggestions on keeping MSEdgeDriver safe.
MSEdgeDriver was started successfully.
May 07, 2022 8:49:37 PM org.openqa.selenium.remote.ProtocolHandshake createSession
INFO: Detected dialect: W3C
May 07, 2022 8:49:37 PM org.openqa.selenium.devtools.CdpVersionFinder findNearestMatch
WARNING: Unable to find an exact match for CDP version 101, so returning the closest version found: a no-op implementation
May 07, 2022 8:49:37 PM org.openqa.selenium.devtools.CdpVersionFinder findNearestMatch
INFO: Unable to find CDP implementation matching 101.
May 07, 2022 8:49:37 PM org.openqa.selenium.chromium.ChromiumDriver lambda$new$3
WARNING: Unable to find version of CDP to use for . You may need to include a dependency on a specific version of the CDP using something similar to `org.seleniumhq.selenium:selenium-devtools-v86:4.1.1` where the version ("v86") matches the version of the chromium-based browser you're using and the version number of the artifact is the same as Selenium's.
]]></system-err>
  </testcase>
  <testcase name="runScenario[&quot;an already registered user try to register with same data&quot;, &quot;Optional[Registering customers]&quot;](4)" classname="runner.RunnerTestNG" time="18.894">
    <system-out><![CDATA[
@Regression
Scenario: an already registered user try to register with same data  &amp#27;[90m# src/test/java/features/F01_Registering.feature:24&amp#27;[0m
  &amp#27;[32mGiven &amp#27;[0m&amp#27;[32muser at home page and clicks on register&amp#27;[0m                     &amp#27;[90m# stepDifinitions.Register.user_at_home_page_and_clicks_on_register()&amp#27;[0m
  &amp#27;[32mWhen &amp#27;[0m&amp#27;[32muser enters same data "&amp#27;[0m&amp#27;[32m&amp#27;[1mMof&amp#27;[0m&amp#27;[32m", "&amp#27;[0m&amp#27;[32m&amp#27;[1mZak&amp#27;[0m&amp#27;[32m", "&amp#27;[0m&amp#27;[32m&amp#27;[1m20@test.com&amp#27;[0m&amp#27;[32m", "&amp#27;[0m&amp#27;[32m&amp#27;[1m12341234&amp#27;[0m&amp#27;[32m"&amp#27;[0m &amp#27;[90m# stepDifinitions.Register.user_enters_same_data_something_something_something_something_something(java.lang.String,java.lang.String,java.lang.String,java.lang.String)&amp#27;[0m
  &amp#27;[32mThen &amp#27;[0m&amp#27;[32muser could not register with same data&amp#27;[0m                        &amp#27;[90m# stepDifinitions.Register.user_could_not_register()&amp#27;[0m
The specified email already exists
  &amp#27;[32mAnd &amp#27;[0m&amp#27;[32merror message should appear&amp#27;[0m                                    &amp#27;[90m# stepDifinitions.Register.error_message_should_appear()&amp#27;[0m
]]></system-out>
    <system-err><![CDATA[Starting MSEdgeDriver 101.0.1210.39 (ae7c307992c2283b6f7b9b567bba94b2590a8e60) on port 50121
Only local connections are allowed.
Please see https://chromedriver.chromium.org/security-considerations for suggestions on keeping MSEdgeDriver safe.
MSEdgeDriver was started successfully.
May 07, 2022 8:49:53 PM org.openqa.selenium.remote.ProtocolHandshake createSession
INFO: Detected dialect: W3C
May 07, 2022 8:49:53 PM org.openqa.selenium.devtools.CdpVersionFinder findNearestMatch
WARNING: Unable to find an exact match for CDP version 101, so returning the closest version found: a no-op implementation
May 07, 2022 8:49:53 PM org.openqa.selenium.devtools.CdpVersionFinder findNearestMatch
INFO: Unable to find CDP implementation matching 101.
May 07, 2022 8:49:53 PM org.openqa.selenium.chromium.ChromiumDriver lambda$new$3
WARNING: Unable to find version of CDP to use for . You may need to include a dependency on a specific version of the CDP using something similar to `org.seleniumhq.selenium:selenium-devtools-v86:4.1.1` where the version ("v86") matches the version of the chromium-based browser you're using and the version number of the artifact is the same as Selenium's.
]]></system-err>
  </testcase>
  <testcase name="runScenario[&quot;user could sign in with valid data&quot;, &quot;Optional[testing logging in feature]&quot;](5)" classname="runner.RunnerTestNG" time="16.328">
    <system-out><![CDATA[
@Smoke
Scenario: user could sign in with valid data                    &amp#27;[90m# src/test/java/features/F02_Login.feature:12&amp#27;[0m
  &amp#27;[32mGiven &amp#27;[0m&amp#27;[32muser click on log in button&amp#27;[0m                             &amp#27;[90m# stepDifinitions.LoginSteps.user_click_on_log_in_button()&amp#27;[0m
  &amp#27;[32mWhen &amp#27;[0m&amp#27;[32muser enters email: "&amp#27;[0m&amp#27;[32m&amp#27;[1m9@test.com&amp#27;[0m&amp#27;[32m" and password: "&amp#27;[0m&amp#27;[32m&amp#27;[1m12341234&amp#27;[0m&amp#27;[32m"&amp#27;[0m &amp#27;[90m# stepDifinitions.LoginSteps.user_enters_email_something_and_password_something(java.lang.String,java.lang.String)&amp#27;[0m
  &amp#27;[32mAnd &amp#27;[0m&amp#27;[32mclicks on log in button&amp#27;[0m                                   &amp#27;[90m# stepDifinitions.LoginSteps.clicks_on_log_in_button()&amp#27;[0m
  &amp#27;[32mThen &amp#27;[0m&amp#27;[32muser could see his account&amp#27;[0m                               &amp#27;[90m# stepDifinitions.LoginSteps.user_could_see_his_account()&amp#27;[0m
]]></system-out>
    <system-err><![CDATA[Starting MSEdgeDriver 101.0.1210.39 (ae7c307992c2283b6f7b9b567bba94b2590a8e60) on port 61018
Only local connections are allowed.
Please see https://chromedriver.chromium.org/security-considerations for suggestions on keeping MSEdgeDriver safe.
MSEdgeDriver was started successfully.
May 07, 2022 8:50:12 PM org.openqa.selenium.remote.ProtocolHandshake createSession
INFO: Detected dialect: W3C
May 07, 2022 8:50:12 PM org.openqa.selenium.devtools.CdpVersionFinder findNearestMatch
WARNING: Unable to find an exact match for CDP version 101, so returning the closest version found: a no-op implementation
May 07, 2022 8:50:12 PM org.openqa.selenium.devtools.CdpVersionFinder findNearestMatch
INFO: Unable to find CDP implementation matching 101.
May 07, 2022 8:50:12 PM org.openqa.selenium.chromium.ChromiumDriver lambda$new$3
WARNING: Unable to find version of CDP to use for . You may need to include a dependency on a specific version of the CDP using something similar to `org.seleniumhq.selenium:selenium-devtools-v86:4.1.1` where the version ("v86") matches the version of the chromium-based browser you're using and the version number of the artifact is the same as Selenium's.
]]></system-err>
  </testcase>
  <testcase name="runScenario[&quot;user try to log in with a valid email and invalid password&quot;, &quot;Optional[testing logging in feature]&quot;](6)" classname="runner.RunnerTestNG" time="16.313">
    <system-out><![CDATA[
@Regression
Scenario: user try to log in with a valid email and invalid password                                                        &amp#27;[90m# src/test/java/features/F02_Login.feature:19&amp#27;[0m
  &amp#27;[32mGiven &amp#27;[0m&amp#27;[32muser click on log in button&amp#27;[0m                                                                                         &amp#27;[90m# stepDifinitions.LoginSteps.user_click_on_log_in_button()&amp#27;[0m
  &amp#27;[32mWhen &amp#27;[0m&amp#27;[32muser enters a valid email: "&amp#27;[0m&amp#27;[32m&amp#27;[1m9@test.com&amp#27;[0m&amp#27;[32m" and invalid password: "&amp#27;[0m&amp#27;[32m&amp#27;[1m12345667&amp#27;[0m&amp#27;[32m"&amp#27;[0m                                             &amp#27;[90m# stepDifinitions.LoginSteps.user_enters_email_something_and_password_something(java.lang.String,java.lang.String)&amp#27;[0m
  &amp#27;[32mAnd &amp#27;[0m&amp#27;[32mclicks on log in button&amp#27;[0m                                                                                               &amp#27;[90m# stepDifinitions.LoginSteps.clicks_on_log_in_button()&amp#27;[0m
  &amp#27;[32mThen &amp#27;[0m&amp#27;[32muser could not log in to his account and error message will appear contains "&amp#27;[0m&amp#27;[32m&amp#27;[1mThe credentials provided are incorrect&amp#27;[0m&amp#27;[32m"&amp#27;[0m &amp#27;[90m# stepDifinitions.LoginSteps.user_could_not_log_in_to_his_account_and_error_message_will_appear_contains_something(java.lang.String)&amp#27;[0m
]]></system-out>
    <system-err><![CDATA[Starting MSEdgeDriver 101.0.1210.39 (ae7c307992c2283b6f7b9b567bba94b2590a8e60) on port 61780
Only local connections are allowed.
Please see https://chromedriver.chromium.org/security-considerations for suggestions on keeping MSEdgeDriver safe.
MSEdgeDriver was started successfully.
May 07, 2022 8:50:28 PM org.openqa.selenium.remote.ProtocolHandshake createSession
INFO: Detected dialect: W3C
May 07, 2022 8:50:28 PM org.openqa.selenium.devtools.CdpVersionFinder findNearestMatch
WARNING: Unable to find an exact match for CDP version 101, so returning the closest version found: a no-op implementation
May 07, 2022 8:50:28 PM org.openqa.selenium.devtools.CdpVersionFinder findNearestMatch
INFO: Unable to find CDP implementation matching 101.
May 07, 2022 8:50:28 PM org.openqa.selenium.chromium.ChromiumDriver lambda$new$3
WARNING: Unable to find version of CDP to use for . You may need to include a dependency on a specific version of the CDP using something similar to `org.seleniumhq.selenium:selenium-devtools-v86:4.1.1` where the version ("v86") matches the version of the chromium-based browser you're using and the version number of the artifact is the same as Selenium's.
]]></system-err>
  </testcase>
  <testcase name="runScenario[&quot;user try to log in with an invalid username&quot;, &quot;Optional[testing logging in feature]&quot;](7)" classname="runner.RunnerTestNG" time="16.667">
    <system-out><![CDATA[
@Regression
Scenario: user try to log in with an invalid username                                                          &amp#27;[90m# src/test/java/features/F02_Login.feature:26&amp#27;[0m
  &amp#27;[32mGiven &amp#27;[0m&amp#27;[32muser click on log in button&amp#27;[0m                                                                            &amp#27;[90m# stepDifinitions.LoginSteps.user_click_on_log_in_button()&amp#27;[0m
  &amp#27;[32mWhen &amp#27;[0m&amp#27;[32muser enters an invalid email: "&amp#27;[0m&amp#27;[32m&amp#27;[1mfake@test.com&amp#27;[0m&amp#27;[32m" and password "&amp#27;[0m&amp#27;[32m&amp#27;[1m12341234&amp#27;[0m&amp#27;[32m"&amp#27;[0m                                   &amp#27;[90m# stepDifinitions.LoginSteps.user_enters_email_something_and_password_something(java.lang.String,java.lang.String)&amp#27;[0m
  &amp#27;[32mAnd &amp#27;[0m&amp#27;[32mclicks on log in button&amp#27;[0m                                                                                  &amp#27;[90m# stepDifinitions.LoginSteps.clicks_on_log_in_button()&amp#27;[0m
  &amp#27;[32mThen &amp#27;[0m&amp#27;[32muser could not log in to his account and error message will appear contains "&amp#27;[0m&amp#27;[32m&amp#27;[1mNo customer account found&amp#27;[0m&amp#27;[32m"&amp#27;[0m &amp#27;[90m# stepDifinitions.LoginSteps.user_could_not_log_in_to_his_account_and_error_message_will_appear_contains_something(java.lang.String)&amp#27;[0m
]]></system-out>
    <system-err><![CDATA[Starting MSEdgeDriver 101.0.1210.39 (ae7c307992c2283b6f7b9b567bba94b2590a8e60) on port 64292
Only local connections are allowed.
Please see https://chromedriver.chromium.org/security-considerations for suggestions on keeping MSEdgeDriver safe.
MSEdgeDriver was started successfully.
May 07, 2022 8:50:44 PM org.openqa.selenium.remote.ProtocolHandshake createSession
INFO: Detected dialect: W3C
May 07, 2022 8:50:44 PM org.openqa.selenium.devtools.CdpVersionFinder findNearestMatch
WARNING: Unable to find an exact match for CDP version 101, so returning the closest version found: a no-op implementation
May 07, 2022 8:50:44 PM org.openqa.selenium.devtools.CdpVersionFinder findNearestMatch
INFO: Unable to find CDP implementation matching 101.
May 07, 2022 8:50:44 PM org.openqa.selenium.chromium.ChromiumDriver lambda$new$3
WARNING: Unable to find version of CDP to use for . You may need to include a dependency on a specific version of the CDP using something similar to `org.seleniumhq.selenium:selenium-devtools-v86:4.1.1` where the version ("v86") matches the version of the chromium-based browser you're using and the version number of the artifact is the same as Selenium's.
]]></system-err>
  </testcase>
  <testcase name="runScenario[&quot;After logging in user could add product to cart&quot;, &quot;Optional[Adding new product to cart]&quot;](8)" classname="runner.RunnerTestNG" time="18.629">
    <system-out><![CDATA[
@Smoke
Scenario: After logging in user could add product to cart                                &amp#27;[90m# src/test/java/features/F03_AddProductToCart.feature:7&amp#27;[0m
  &amp#27;[32mGiven &amp#27;[0m&amp#27;[32muser logged in to his account with username "&amp#27;[0m&amp#27;[32m&amp#27;[1m9@test.com&amp#27;[0m&amp#27;[32m" and password "&amp#27;[0m&amp#27;[32m&amp#27;[1m12341234&amp#27;[0m&amp#27;[32m"&amp#27;[0m &amp#27;[90m# stepDifinitions.AddToCartSteps.user_logged_in_to_his_account_with_username_something_and_password_something(java.lang.String,java.lang.String)&amp#27;[0m
  &amp#27;[32mWhen &amp#27;[0m&amp#27;[32muser select a new product: simple computer&amp#27;[0m                                        &amp#27;[90m# stepDifinitions.AddToCartSteps.user_could_select_a_new_product_simple_computer()&amp#27;[0m
  &amp#27;[32mAnd &amp#27;[0m&amp#27;[32madd it to cart&amp#27;[0m                                                                     &amp#27;[90m# stepDifinitions.AddToCartSteps.add_it_to_cart()&amp#27;[0m
  &amp#27;[32mThen &amp#27;[0m&amp#27;[32mconfirmation message: "&amp#27;[0m&amp#27;[32m&amp#27;[1mThe product has been added to your&amp#27;[0m&amp#27;[32m" should appear&amp#27;[0m          &amp#27;[90m# stepDifinitions.AddToCartSteps.confirmation_message_something_should_appear(java.lang.String)&amp#27;[0m
]]></system-out>
    <system-err><![CDATA[Starting MSEdgeDriver 101.0.1210.39 (ae7c307992c2283b6f7b9b567bba94b2590a8e60) on port 59241
Only local connections are allowed.
Please see https://chromedriver.chromium.org/security-considerations for suggestions on keeping MSEdgeDriver safe.
MSEdgeDriver was started successfully.
May 07, 2022 8:51:01 PM org.openqa.selenium.remote.ProtocolHandshake createSession
INFO: Detected dialect: W3C
May 07, 2022 8:51:01 PM org.openqa.selenium.devtools.CdpVersionFinder findNearestMatch
WARNING: Unable to find an exact match for CDP version 101, so returning the closest version found: a no-op implementation
May 07, 2022 8:51:01 PM org.openqa.selenium.devtools.CdpVersionFinder findNearestMatch
INFO: Unable to find CDP implementation matching 101.
May 07, 2022 8:51:01 PM org.openqa.selenium.chromium.ChromiumDriver lambda$new$3
WARNING: Unable to find version of CDP to use for . You may need to include a dependency on a specific version of the CDP using something similar to `org.seleniumhq.selenium:selenium-devtools-v86:4.1.1` where the version ("v86") matches the version of the chromium-based browser you're using and the version number of the artifact is the same as Selenium's.
]]></system-err>
  </testcase>
  <testcase name="runScenario[&quot;user could add discount code &quot;AutomationDiscount2&quot; that gives 20% discount&quot;, &quot;Optional[Adding discount code]&quot;](9)" classname="runner.RunnerTestNG" time="16.146">
    <system-out><![CDATA[
@Regression
Scenario: user could add discount code "AutomationDiscount2" that gives 20% discount     &amp#27;[90m# src/test/java/features/F04_DiscountCode.feature:6&amp#27;[0m
  &amp#27;[32mGiven &amp#27;[0m&amp#27;[32muser logged in to his account with username "&amp#27;[0m&amp#27;[32m&amp#27;[1m9@test.com&amp#27;[0m&amp#27;[32m" and password "&amp#27;[0m&amp#27;[32m&amp#27;[1m12341234&amp#27;[0m&amp#27;[32m"&amp#27;[0m &amp#27;[90m# stepDifinitions.AddToCartSteps.user_logged_in_to_his_account_with_username_something_and_password_something(java.lang.String,java.lang.String)&amp#27;[0m
  &amp#27;[32mWhen &amp#27;[0m&amp#27;[32muser go to shopping cart&amp#27;[0m                                                          &amp#27;[90m# stepDifinitions.DiscountCodSteps.user_go_to_shopping_cart()&amp#27;[0m
  &amp#27;[32mAnd &amp#27;[0m&amp#27;[32mgive the discount code "&amp#27;[0m&amp#27;[32m&amp#27;[1mAutomationDiscount2&amp#27;[0m&amp#27;[32m"&amp#27;[0m                                       &amp#27;[90m# stepDifinitions.DiscountCodSteps.give_the_discount_code(java.lang.String)&amp#27;[0m
  &amp#27;[32mThen &amp#27;[0m&amp#27;[32muser could see a confirmation message contains: "&amp#27;[0m&amp#27;[32m&amp#27;[1m &amp#27;[0m&amp#27;[32m"&amp#27;[0m                               &amp#27;[90m# stepDifinitions.DiscountCodSteps.user_could_see_a_confirmation_message_contains_something(java.lang.String)&amp#27;[0m
  &amp#27;[32mAnd &amp#27;[0m&amp#27;[32mthe discount is 20%&amp#27;[0m                                                                &amp#27;[90m# stepDifinitions.DiscountCodSteps.the_discount_is_20()&amp#27;[0m
]]></system-out>
    <system-err><![CDATA[Starting MSEdgeDriver 101.0.1210.39 (ae7c307992c2283b6f7b9b567bba94b2590a8e60) on port 63528
Only local connections are allowed.
Please see https://chromedriver.chromium.org/security-considerations for suggestions on keeping MSEdgeDriver safe.
MSEdgeDriver was started successfully.
May 07, 2022 8:51:19 PM org.openqa.selenium.remote.ProtocolHandshake createSession
INFO: Detected dialect: W3C
May 07, 2022 8:51:20 PM org.openqa.selenium.devtools.CdpVersionFinder findNearestMatch
WARNING: Unable to find an exact match for CDP version 101, so returning the closest version found: a no-op implementation
May 07, 2022 8:51:20 PM org.openqa.selenium.devtools.CdpVersionFinder findNearestMatch
INFO: Unable to find CDP implementation matching 101.
May 07, 2022 8:51:20 PM org.openqa.selenium.chromium.ChromiumDriver lambda$new$3
WARNING: Unable to find version of CDP to use for . You may need to include a dependency on a specific version of the CDP using something similar to `org.seleniumhq.selenium:selenium-devtools-v86:4.1.1` where the version ("v86") matches the version of the chromium-based browser you're using and the version number of the artifact is the same as Selenium's.
]]></system-err>
  </testcase>
  <testcase name="runScenario[&quot;verify that user could not check out a product with out agreeing to the terms of service&quot;, &quot;Optional[verify that “Terms of service” is mandator]&quot;](10)" classname="runner.RunnerTestNG" time="15.633">
    <system-out><![CDATA[
@Regression @oneTime
Scenario: verify that user could not check out a product with out agreeing to the terms of service &amp#27;[90m# src/test/java/features/F05_TermsOfService.feature:6&amp#27;[0m
  &amp#27;[32mGiven &amp#27;[0m&amp#27;[32muser logged in to his account with username "&amp#27;[0m&amp#27;[32m&amp#27;[1m9@test.com&amp#27;[0m&amp#27;[32m" and password "&amp#27;[0m&amp#27;[32m&amp#27;[1m12341234&amp#27;[0m&amp#27;[32m"&amp#27;[0m           &amp#27;[90m# stepDifinitions.AddToCartSteps.user_logged_in_to_his_account_with_username_something_and_password_something(java.lang.String,java.lang.String)&amp#27;[0m
  &amp#27;[32mAnd &amp#27;[0m&amp#27;[32muser go to shopping cart&amp#27;[0m                                                                     &amp#27;[90m# stepDifinitions.DiscountCodSteps.user_go_to_shopping_cart()&amp#27;[0m
  &amp#27;[32mWhen &amp#27;[0m&amp#27;[32muser try to check out the product&amp#27;[0m                                                           &amp#27;[90m# stepDifinitions.TermsOfServiceVerificationSteps.user_try_to_check_out_the_product()&amp#27;[0m
  &amp#27;[32mThen &amp#27;[0m&amp#27;[32mwarning box will appear contains: "&amp#27;[0m&amp#27;[32m&amp#27;[1mPlease accept the terms of service before the next step&amp#27;[0m&amp#27;[32m"&amp#27;[0m &amp#27;[90m# stepDifinitions.TermsOfServiceVerificationSteps.warning_box_will_appear_contains_something(java.lang.String)&amp#27;[0m
]]></system-out>
    <system-err><![CDATA[Starting MSEdgeDriver 101.0.1210.39 (ae7c307992c2283b6f7b9b567bba94b2590a8e60) on port 58329
Only local connections are allowed.
Please see https://chromedriver.chromium.org/security-considerations for suggestions on keeping MSEdgeDriver safe.
MSEdgeDriver was started successfully.
May 07, 2022 8:51:36 PM org.openqa.selenium.remote.ProtocolHandshake createSession
INFO: Detected dialect: W3C
May 07, 2022 8:51:36 PM org.openqa.selenium.devtools.CdpVersionFinder findNearestMatch
WARNING: Unable to find an exact match for CDP version 101, so returning the closest version found: a no-op implementation
May 07, 2022 8:51:36 PM org.openqa.selenium.devtools.CdpVersionFinder findNearestMatch
INFO: Unable to find CDP implementation matching 101.
May 07, 2022 8:51:36 PM org.openqa.selenium.chromium.ChromiumDriver lambda$new$3
WARNING: Unable to find version of CDP to use for . You may need to include a dependency on a specific version of the CDP using something similar to `org.seleniumhq.selenium:selenium-devtools-v86:4.1.1` where the version ("v86") matches the version of the chromium-based browser you're using and the version number of the artifact is the same as Selenium's.
]]></system-err>
  </testcase>
  <testcase name="runScenario[&quot;verify that error message will appear that country must be selected to proceed&quot;, &quot;Optional[verification that user could not proceed checking out without filling the mandatory data in the billing address]&quot;](11)" classname="runner.RunnerTestNG" time="20.67">
    <system-out><![CDATA[
@Regression
Scenario: verify that error message will appear that country must be selected to proceed &amp#27;[90m# src/test/java/features/F06_BillingAdress.feature:15&amp#27;[0m
  &amp#27;[32mGiven &amp#27;[0m&amp#27;[32muser logged in to his account with username "&amp#27;[0m&amp#27;[32m&amp#27;[1m9@test.com&amp#27;[0m&amp#27;[32m" and password "&amp#27;[0m&amp#27;[32m&amp#27;[1m12341234&amp#27;[0m&amp#27;[32m"&amp#27;[0m &amp#27;[90m# stepDifinitions.AddToCartSteps.user_logged_in_to_his_account_with_username_something_and_password_something(java.lang.String,java.lang.String)&amp#27;[0m
  &amp#27;[32mWhen &amp#27;[0m&amp#27;[32muser go to shopping cart&amp#27;[0m                                                          &amp#27;[90m# stepDifinitions.DiscountCodSteps.user_go_to_shopping_cart()&amp#27;[0m
  &amp#27;[32mAnd &amp#27;[0m&amp#27;[32magree the terms of service&amp#27;[0m                                                         &amp#27;[90m# stepDifinitions.BillingAdressVerificationsteps.agree_the_terms_of_service()&amp#27;[0m
  &amp#27;[32mAnd &amp#27;[0m&amp#27;[32mclick on check out&amp#27;[0m                                                                 &amp#27;[90m# stepDifinitions.BillingAdressVerificationsteps.click_on_check_out()&amp#27;[0m
  &amp#27;[32mWhen &amp#27;[0m&amp#27;[32muser click on continue without selecting a country&amp#27;[0m                                &amp#27;[90m# stepDifinitions.BillingAdressVerificationsteps.user_click_on_continue_without_selecting_a_country()&amp#27;[0m
  &amp#27;[32mThen &amp#27;[0m&amp#27;[32merror message will appear that: "&amp#27;[0m&amp#27;[32m&amp#27;[1mCountry is required.&amp#27;[0m&amp#27;[32m"&amp#27;[0m                            &amp#27;[90m# stepDifinitions.BillingAdressVerificationsteps.error_message_will_appear_that_something(java.lang.String)&amp#27;[0m
]]></system-out>
    <system-err><![CDATA[Starting MSEdgeDriver 101.0.1210.39 (ae7c307992c2283b6f7b9b567bba94b2590a8e60) on port 64347
Only local connections are allowed.
Please see https://chromedriver.chromium.org/security-considerations for suggestions on keeping MSEdgeDriver safe.
MSEdgeDriver was started successfully.
May 07, 2022 8:51:52 PM org.openqa.selenium.remote.ProtocolHandshake createSession
INFO: Detected dialect: W3C
May 07, 2022 8:51:52 PM org.openqa.selenium.devtools.CdpVersionFinder findNearestMatch
WARNING: Unable to find an exact match for CDP version 101, so returning the closest version found: a no-op implementation
May 07, 2022 8:51:52 PM org.openqa.selenium.devtools.CdpVersionFinder findNearestMatch
INFO: Unable to find CDP implementation matching 101.
May 07, 2022 8:51:52 PM org.openqa.selenium.chromium.ChromiumDriver lambda$new$3
WARNING: Unable to find version of CDP to use for . You may need to include a dependency on a specific version of the CDP using something similar to `org.seleniumhq.selenium:selenium-devtools-v86:4.1.1` where the version ("v86") matches the version of the chromium-based browser you're using and the version number of the artifact is the same as Selenium's.
]]></system-err>
  </testcase>
  <testcase name="runScenario[&quot;verify that error message will appear that city must be filled out&quot;, &quot;Optional[verification that user could not proceed checking out without filling the mandatory data in the billing address]&quot;](12)" classname="runner.RunnerTestNG" time="21.788">
    <system-out><![CDATA[
@Regression
Scenario: verify that error message will appear that city must be filled out             &amp#27;[90m# src/test/java/features/F06_BillingAdress.feature:21&amp#27;[0m
  &amp#27;[32mGiven &amp#27;[0m&amp#27;[32muser logged in to his account with username "&amp#27;[0m&amp#27;[32m&amp#27;[1m9@test.com&amp#27;[0m&amp#27;[32m" and password "&amp#27;[0m&amp#27;[32m&amp#27;[1m12341234&amp#27;[0m&amp#27;[32m"&amp#27;[0m &amp#27;[90m# stepDifinitions.AddToCartSteps.user_logged_in_to_his_account_with_username_something_and_password_something(java.lang.String,java.lang.String)&amp#27;[0m
  &amp#27;[32mWhen &amp#27;[0m&amp#27;[32muser go to shopping cart&amp#27;[0m                                                          &amp#27;[90m# stepDifinitions.DiscountCodSteps.user_go_to_shopping_cart()&amp#27;[0m
  &amp#27;[32mAnd &amp#27;[0m&amp#27;[32magree the terms of service&amp#27;[0m                                                         &amp#27;[90m# stepDifinitions.BillingAdressVerificationsteps.agree_the_terms_of_service()&amp#27;[0m
  &amp#27;[32mAnd &amp#27;[0m&amp#27;[32mclick on check out&amp#27;[0m                                                                 &amp#27;[90m# stepDifinitions.BillingAdressVerificationsteps.click_on_check_out()&amp#27;[0m
  &amp#27;[32mWhen &amp#27;[0m&amp#27;[32muser select country "&amp#27;[0m&amp#27;[32m&amp#27;[1mEgypt&amp#27;[0m&amp#27;[32m" and click on continue&amp#27;[0m                                 &amp#27;[90m# stepDifinitions.BillingAdressVerificationsteps.user_select_a_country_something_and_click_on_continue(java.lang.String)&amp#27;[0m
  &amp#27;[32mThen &amp#27;[0m&amp#27;[32merror message will appear that: "&amp#27;[0m&amp#27;[32m&amp#27;[1mCity is required&amp#27;[0m&amp#27;[32m"&amp#27;[0m                                &amp#27;[90m# stepDifinitions.BillingAdressVerificationsteps.error_message_will_appear_that_something(java.lang.String)&amp#27;[0m
]]></system-out>
    <system-err><![CDATA[Starting MSEdgeDriver 101.0.1210.39 (ae7c307992c2283b6f7b9b567bba94b2590a8e60) on port 58927
Only local connections are allowed.
Please see https://chromedriver.chromium.org/security-considerations for suggestions on keeping MSEdgeDriver safe.
MSEdgeDriver was started successfully.
May 07, 2022 8:52:12 PM org.openqa.selenium.remote.ProtocolHandshake createSession
INFO: Detected dialect: W3C
May 07, 2022 8:52:12 PM org.openqa.selenium.devtools.CdpVersionFinder findNearestMatch
WARNING: Unable to find an exact match for CDP version 101, so returning the closest version found: a no-op implementation
May 07, 2022 8:52:12 PM org.openqa.selenium.devtools.CdpVersionFinder findNearestMatch
INFO: Unable to find CDP implementation matching 101.
May 07, 2022 8:52:12 PM org.openqa.selenium.chromium.ChromiumDriver lambda$new$3
WARNING: Unable to find version of CDP to use for . You may need to include a dependency on a specific version of the CDP using something similar to `org.seleniumhq.selenium:selenium-devtools-v86:4.1.1` where the version ("v86") matches the version of the chromium-based browser you're using and the version number of the artifact is the same as Selenium's.
]]></system-err>
  </testcase>
  <testcase name="runScenario[&quot;verify that error message will appear that street addres is required&quot;, &quot;Optional[verification that user could not proceed checking out without filling the mandatory data in the billing address]&quot;](13)" classname="runner.RunnerTestNG" time="24.106">
    <system-out><![CDATA[
@Regression
Scenario: verify that error message will appear that street addres is required           &amp#27;[90m# src/test/java/features/F06_BillingAdress.feature:27&amp#27;[0m
  &amp#27;[32mGiven &amp#27;[0m&amp#27;[32muser logged in to his account with username "&amp#27;[0m&amp#27;[32m&amp#27;[1m9@test.com&amp#27;[0m&amp#27;[32m" and password "&amp#27;[0m&amp#27;[32m&amp#27;[1m12341234&amp#27;[0m&amp#27;[32m"&amp#27;[0m &amp#27;[90m# stepDifinitions.AddToCartSteps.user_logged_in_to_his_account_with_username_something_and_password_something(java.lang.String,java.lang.String)&amp#27;[0m
  &amp#27;[32mWhen &amp#27;[0m&amp#27;[32muser go to shopping cart&amp#27;[0m                                                          &amp#27;[90m# stepDifinitions.DiscountCodSteps.user_go_to_shopping_cart()&amp#27;[0m
  &amp#27;[32mAnd &amp#27;[0m&amp#27;[32magree the terms of service&amp#27;[0m                                                         &amp#27;[90m# stepDifinitions.BillingAdressVerificationsteps.agree_the_terms_of_service()&amp#27;[0m
  &amp#27;[32mAnd &amp#27;[0m&amp#27;[32mclick on check out&amp#27;[0m                                                                 &amp#27;[90m# stepDifinitions.BillingAdressVerificationsteps.click_on_check_out()&amp#27;[0m
  &amp#27;[32mWhen &amp#27;[0m&amp#27;[32muser select Country and fill the City as follows&amp#27;[0m                                  &amp#27;[90m# stepDifinitions.BillingAdressVerificationsteps.user_select_country_and_fill_the_city_as_follows(io.cucumber.datatable.DataTable)&amp#27;[0m
    | Country | City  |
    | Egypt   | Cairo |
  &amp#27;[32mThen &amp#27;[0m&amp#27;[32merror message will appear that: "&amp#27;[0m&amp#27;[32m&amp#27;[1mStreet address is required&amp#27;[0m&amp#27;[32m"&amp#27;[0m                      &amp#27;[90m# stepDifinitions.BillingAdressVerificationsteps.error_message_will_appear_that_something(java.lang.String)&amp#27;[0m
]]></system-out>
    <system-err><![CDATA[Starting MSEdgeDriver 101.0.1210.39 (ae7c307992c2283b6f7b9b567bba94b2590a8e60) on port 62777
Only local connections are allowed.
Please see https://chromedriver.chromium.org/security-considerations for suggestions on keeping MSEdgeDriver safe.
MSEdgeDriver was started successfully.
May 07, 2022 8:52:34 PM org.openqa.selenium.remote.ProtocolHandshake createSession
INFO: Detected dialect: W3C
May 07, 2022 8:52:34 PM org.openqa.selenium.devtools.CdpVersionFinder findNearestMatch
WARNING: Unable to find an exact match for CDP version 101, so returning the closest version found: a no-op implementation
May 07, 2022 8:52:34 PM org.openqa.selenium.devtools.CdpVersionFinder findNearestMatch
INFO: Unable to find CDP implementation matching 101.
May 07, 2022 8:52:34 PM org.openqa.selenium.chromium.ChromiumDriver lambda$new$3
WARNING: Unable to find version of CDP to use for . You may need to include a dependency on a specific version of the CDP using something similar to `org.seleniumhq.selenium:selenium-devtools-v86:4.1.1` where the version ("v86") matches the version of the chromium-based browser you're using and the version number of the artifact is the same as Selenium's.
]]></system-err>
  </testcase>
  <testcase name="runScenario[&quot;verify that error message will appear that postal code is required&quot;, &quot;Optional[verification that user could not proceed checking out without filling the mandatory data in the billing address]&quot;](14)" classname="runner.RunnerTestNG" time="20.768">
    <system-out><![CDATA[
@Regression
Scenario: verify that error message will appear that postal code is required             &amp#27;[90m# src/test/java/features/F06_BillingAdress.feature:35&amp#27;[0m
  &amp#27;[32mGiven &amp#27;[0m&amp#27;[32muser logged in to his account with username "&amp#27;[0m&amp#27;[32m&amp#27;[1m9@test.com&amp#27;[0m&amp#27;[32m" and password "&amp#27;[0m&amp#27;[32m&amp#27;[1m12341234&amp#27;[0m&amp#27;[32m"&amp#27;[0m &amp#27;[90m# stepDifinitions.AddToCartSteps.user_logged_in_to_his_account_with_username_something_and_password_something(java.lang.String,java.lang.String)&amp#27;[0m
  &amp#27;[32mWhen &amp#27;[0m&amp#27;[32muser go to shopping cart&amp#27;[0m                                                          &amp#27;[90m# stepDifinitions.DiscountCodSteps.user_go_to_shopping_cart()&amp#27;[0m
  &amp#27;[32mAnd &amp#27;[0m&amp#27;[32magree the terms of service&amp#27;[0m                                                         &amp#27;[90m# stepDifinitions.BillingAdressVerificationsteps.agree_the_terms_of_service()&amp#27;[0m
  &amp#27;[32mAnd &amp#27;[0m&amp#27;[32mclick on check out&amp#27;[0m                                                                 &amp#27;[90m# stepDifinitions.BillingAdressVerificationsteps.click_on_check_out()&amp#27;[0m
  &amp#27;[32mWhen &amp#27;[0m&amp#27;[32muser fill the address as follows and click continue&amp#27;[0m                               &amp#27;[90m# stepDifinitions.BillingAdressVerificationsteps.user_fill_the_address_something_and_click_continue(io.cucumber.datatable.DataTable)&amp#27;[0m
    | Country | City  | Street   |
    | Egypt   | Cairo | Test st. |
  &amp#27;[32mThen &amp#27;[0m&amp#27;[32merror message will appear that: "&amp#27;[0m&amp#27;[32m&amp#27;[1mZip / postal code is required&amp#27;[0m&amp#27;[32m"&amp#27;[0m                   &amp#27;[90m# stepDifinitions.BillingAdressVerificationsteps.error_message_will_appear_that_something(java.lang.String)&amp#27;[0m
]]></system-out>
    <system-err><![CDATA[Starting MSEdgeDriver 101.0.1210.39 (ae7c307992c2283b6f7b9b567bba94b2590a8e60) on port 54659
Only local connections are allowed.
Please see https://chromedriver.chromium.org/security-considerations for suggestions on keeping MSEdgeDriver safe.
MSEdgeDriver was started successfully.
May 07, 2022 8:52:58 PM org.openqa.selenium.remote.ProtocolHandshake createSession
INFO: Detected dialect: W3C
May 07, 2022 8:52:58 PM org.openqa.selenium.devtools.CdpVersionFinder findNearestMatch
WARNING: Unable to find an exact match for CDP version 101, so returning the closest version found: a no-op implementation
May 07, 2022 8:52:58 PM org.openqa.selenium.devtools.CdpVersionFinder findNearestMatch
INFO: Unable to find CDP implementation matching 101.
May 07, 2022 8:52:58 PM org.openqa.selenium.chromium.ChromiumDriver lambda$new$3
WARNING: Unable to find version of CDP to use for . You may need to include a dependency on a specific version of the CDP using something similar to `org.seleniumhq.selenium:selenium-devtools-v86:4.1.1` where the version ("v86") matches the version of the chromium-based browser you're using and the version number of the artifact is the same as Selenium's.
]]></system-err>
  </testcase>
  <testcase name="runScenario[&quot;verify that error message will appear that phone is required&quot;, &quot;Optional[verification that user could not proceed checking out without filling the mandatory data in the billing address]&quot;](15)" classname="runner.RunnerTestNG" time="20.17">
    <system-out><![CDATA[
@Regression
Scenario: verify that error message will appear that phone is required                   &amp#27;[90m# src/test/java/features/F06_BillingAdress.feature:43&amp#27;[0m
  &amp#27;[32mGiven &amp#27;[0m&amp#27;[32muser logged in to his account with username "&amp#27;[0m&amp#27;[32m&amp#27;[1m9@test.com&amp#27;[0m&amp#27;[32m" and password "&amp#27;[0m&amp#27;[32m&amp#27;[1m12341234&amp#27;[0m&amp#27;[32m"&amp#27;[0m &amp#27;[90m# stepDifinitions.AddToCartSteps.user_logged_in_to_his_account_with_username_something_and_password_something(java.lang.String,java.lang.String)&amp#27;[0m
  &amp#27;[32mWhen &amp#27;[0m&amp#27;[32muser go to shopping cart&amp#27;[0m                                                          &amp#27;[90m# stepDifinitions.DiscountCodSteps.user_go_to_shopping_cart()&amp#27;[0m
  &amp#27;[32mAnd &amp#27;[0m&amp#27;[32magree the terms of service&amp#27;[0m                                                         &amp#27;[90m# stepDifinitions.BillingAdressVerificationsteps.agree_the_terms_of_service()&amp#27;[0m
  &amp#27;[32mAnd &amp#27;[0m&amp#27;[32mclick on check out&amp#27;[0m                                                                 &amp#27;[90m# stepDifinitions.BillingAdressVerificationsteps.click_on_check_out()&amp#27;[0m
  &amp#27;[32mWhen &amp#27;[0m&amp#27;[32muser fill the zip code and click on continue&amp#27;[0m                                      &amp#27;[90m# stepDifinitions.BillingAdressVerificationsteps.user_fill_the_zip_code_something_and_click_on_continue(io.cucumber.datatable.DataTable)&amp#27;[0m
    | Country | City  | Street   | Zipcode |
    | Egypt   | Cairo | Test st. | 12345   |
  &amp#27;[32mThen &amp#27;[0m&amp#27;[32merror message will appear that: "&amp#27;[0m&amp#27;[32m&amp#27;[1mPhone is required&amp#27;[0m&amp#27;[32m"&amp#27;[0m                               &amp#27;[90m# stepDifinitions.BillingAdressVerificationsteps.error_message_will_appear_that_something(java.lang.String)&amp#27;[0m
]]></system-out>
    <system-err><![CDATA[Starting MSEdgeDriver 101.0.1210.39 (ae7c307992c2283b6f7b9b567bba94b2590a8e60) on port 57891
Only local connections are allowed.
Please see https://chromedriver.chromium.org/security-considerations for suggestions on keeping MSEdgeDriver safe.
MSEdgeDriver was started successfully.
May 07, 2022 8:53:18 PM org.openqa.selenium.remote.ProtocolHandshake createSession
INFO: Detected dialect: W3C
May 07, 2022 8:53:18 PM org.openqa.selenium.devtools.CdpVersionFinder findNearestMatch
WARNING: Unable to find an exact match for CDP version 101, so returning the closest version found: a no-op implementation
May 07, 2022 8:53:18 PM org.openqa.selenium.devtools.CdpVersionFinder findNearestMatch
INFO: Unable to find CDP implementation matching 101.
May 07, 2022 8:53:18 PM org.openqa.selenium.chromium.ChromiumDriver lambda$new$3
WARNING: Unable to find version of CDP to use for . You may need to include a dependency on a specific version of the CDP using something similar to `org.seleniumhq.selenium:selenium-devtools-v86:4.1.1` where the version ("v86") matches the version of the chromium-based browser you're using and the version number of the artifact is the same as Selenium's.
]]></system-err>
  </testcase>
  <testcase name="runScenario[&quot;End to end scenario: User could order a simple computer and check it out&quot;, &quot;Optional[E2E Order checkout]&quot;](16)" classname="runner.RunnerTestNG" time="13.755">
    <failure message="The step &apos;user navigate to computers and select desktops&apos; and 5 other step(s) are undefined.&#10;You can implement these steps using the snippet(s) below:&#10;&#10;@When(&quot;user navigate to computers and select desktops&quot;)&#10;public void user_navigate_to_computers_and_select_desktops() {&#10;    // Write code here that turns the phrase above into concrete actions&#10;    throw new io.cucumber.java.PendingException();&#10;}&#10;@When(&quot;user add the simple computer with slow processor to the shopping cart&quot;)&#10;public void user_add_the_simple_computer_with_slow_processor_to_the_shopping_cart() {&#10;    // Write code here that turns the phrase above into concrete actions&#10;    throw new io.cucumber.java.PendingException();&#10;}&#10;@When(&quot;user navigate to shopping cart and check it out&quot;)&#10;public void user_navigate_to_shopping_cart_and_check_it_out() {&#10;    // Write code here that turns the phrase above into concrete actions&#10;    throw new io.cucumber.java.PendingException();&#10;}&#10;@When(&quot;add the address and continue&quot;)&#10;public void add_the_address_and_continue(io.cucumber.datatable.DataTable dataTable) {&#10;    // Write code here that turns the phrase above into concrete actions&#10;    // For automatic transformation, change DataTable to one of&#10;    // E, List&lt;E&gt;, List&lt;List&lt;E&gt;&gt;, List&lt;Map&lt;K,V&gt;&gt;, Map&lt;K,V&gt; or&#10;    // Map&lt;K, List&lt;V&gt;&gt;. E,K,V must be a String, Integer, Float,&#10;    // Double, Byte, Short, Long, BigInteger or BigDecimal.&#10;    //&#10;    // For other transformations you can register a DataTableType.&#10;    throw new io.cucumber.java.PendingException();&#10;}&#10;@When(&quot;continue to payment method and enter the payment information:&quot;)&#10;public void continue_to_payment_method_and_enter_the_payment_information(io.cucumber.datatable.DataTable dataTable) {&#10;    // Write code here that turns the phrase above into concrete actions&#10;    // For automatic transformation, change DataTable to one of&#10;    // E, List&lt;E&gt;, List&lt;List&lt;E&gt;&gt;, List&lt;Map&lt;K,V&gt;&gt;, Map&lt;K,V&gt; or&#10;    // Map&lt;K, List&lt;V&gt;&gt;. E,K,V must be a String, Integer, Float,&#10;    // Double, Byte, Short, Long, BigInteger or BigDecimal.&#10;    //&#10;    // For other transformations you can register a DataTableType.&#10;    throw new io.cucumber.java.PendingException();&#10;}&#10;@Then(&quot;user could see confirmation message: {string}&quot;)&#10;public void user_could_see_confirmation_message(String string) {&#10;    // Write code here that turns the phrase above into concrete actions&#10;    throw new io.cucumber.java.PendingException();&#10;}&#10;" type="io.cucumber.testng.UndefinedStepException"><![CDATA[io.cucumber.testng.UndefinedStepException: 
The step 'user navigate to computers and select desktops' and 5 other step(s) are undefined.
You can implement these steps using the snippet(s) below:

@When("user navigate to computers and select desktops")
public void user_navigate_to_computers_and_select_desktops() {
    // Write code here that turns the phrase above into concrete actions
    throw new io.cucumber.java.PendingException();
}
@When("user add the simple computer with slow processor to the shopping cart")
public void user_add_the_simple_computer_with_slow_processor_to_the_shopping_cart() {
    // Write code here that turns the phrase above into concrete actions
    throw new io.cucumber.java.PendingException();
}
@When("user navigate to shopping cart and check it out")
public void user_navigate_to_shopping_cart_and_check_it_out() {
    // Write code here that turns the phrase above into concrete actions
    throw new io.cucumber.java.PendingException();
}
@When("add the address and continue")
public void add_the_address_and_continue(io.cucumber.datatable.DataTable dataTable) {
    // Write code here that turns the phrase above into concrete actions
    // For automatic transformation, change DataTable to one of
    // E, List<E>, List<List<E>>, List<Map<K,V>>, Map<K,V> or
    // Map<K, List<V>>. E,K,V must be a String, Integer, Float,
    // Double, Byte, Short, Long, BigInteger or BigDecimal.
    //
    // For other transformations you can register a DataTableType.
    throw new io.cucumber.java.PendingException();
}
@When("continue to payment method and enter the payment information:")
public void continue_to_payment_method_and_enter_the_payment_information(io.cucumber.datatable.DataTable dataTable) {
    // Write code here that turns the phrase above into concrete actions
    // For automatic transformation, change DataTable to one of
    // E, List<E>, List<List<E>>, List<Map<K,V>>, Map<K,V> or
    // Map<K, List<V>>. E,K,V must be a String, Integer, Float,
    // Double, Byte, Short, Long, BigInteger or BigDecimal.
    //
    // For other transformations you can register a DataTableType.
    throw new io.cucumber.java.PendingException();
}
@Then("user could see confirmation message: {string}")
public void user_could_see_confirmation_message(String string) {
    // Write code here that turns the phrase above into concrete actions
    throw new io.cucumber.java.PendingException();
}

]]></failure>
    <system-out><![CDATA[
@Smoke
Scenario: End to end scenario: User could order a simple computer and check it out        &amp#27;[90m# src/test/java/features/F07_OrderCheckout.feature:6&amp#27;[0m
  &amp#27;[32mGiven &amp#27;[0m&amp#27;[32muser logged in to his account with username "&amp#27;[0m&amp#27;[32m&amp#27;[1m6@test.com&amp#27;[0m&amp#27;[32m" and password "&amp#27;[0m&amp#27;[32m&amp#27;[1m12341234&amp#27;[0m&amp#27;[32m"&amp#27;[0m  &amp#27;[90m# stepDifinitions.AddToCartSteps.user_logged_in_to_his_account_with_username_something_and_password_something(java.lang.String,java.lang.String)&amp#27;[0m
  &amp#27;[33mWhen &amp#27;[0m&amp#27;[33muser navigate to computers and select desktops&amp#27;[0m
  &amp#27;[36mAnd &amp#27;[0m&amp#27;[36muser add the simple computer with slow processor to the shopping cart&amp#27;[0m
  &amp#27;[36mAnd &amp#27;[0m&amp#27;[36muser navigate to shopping cart and check it out&amp#27;[0m
  &amp#27;[36mAnd &amp#27;[0m&amp#27;[36madd the address and continue&amp#27;[0m
    | Country | City  | Street   | PostalCode | Phone     |
    | Egypt   | Cairo | Test St. | 12345      | +12340000 |
  &amp#27;[36mAnd &amp#27;[0m&amp#27;[36mcontinue to payment method and enter the payment information:&amp#27;[0m
    | Card Type   | Visa             |
    | Holder Name | Barbara Gordon   |
    | Card Number | 4485564059489345 |
    | Exp. Month  | 04               |
    | Exp. Year   | 2022             |
    | Card Code   | 123              |
  &amp#27;[36mThen &amp#27;[0m&amp#27;[36muser could see confirmation message: "Your order has been successfully processed!"&amp#27;[0m
]]></system-out>
    <system-err><![CDATA[Starting MSEdgeDriver 101.0.1210.39 (ae7c307992c2283b6f7b9b567bba94b2590a8e60) on port 54351
Only local connections are allowed.
Please see https://chromedriver.chromium.org/security-considerations for suggestions on keeping MSEdgeDriver safe.
MSEdgeDriver was started successfully.
May 07, 2022 8:53:39 PM org.openqa.selenium.remote.ProtocolHandshake createSession
INFO: Detected dialect: W3C
May 07, 2022 8:53:39 PM org.openqa.selenium.devtools.CdpVersionFinder findNearestMatch
WARNING: Unable to find an exact match for CDP version 101, so returning the closest version found: a no-op implementation
May 07, 2022 8:53:39 PM org.openqa.selenium.devtools.CdpVersionFinder findNearestMatch
INFO: Unable to find CDP implementation matching 101.
May 07, 2022 8:53:39 PM org.openqa.selenium.chromium.ChromiumDriver lambda$new$3
WARNING: Unable to find version of CDP to use for . You may need to include a dependency on a specific version of the CDP using something similar to `org.seleniumhq.selenium:selenium-devtools-v86:4.1.1` where the version ("v86") matches the version of the chromium-based browser you're using and the version number of the artifact is the same as Selenium's.
]]></system-err>
  </testcase>
</testsuite>